<?xml version="1.0" encoding="UTF-8"?>
<!-- Generated by org.testng.reporters.JUnitReportReporter -->
<testsuite skipped="0" hostname="SRSTD32" name="filpkart_project.PurchaseFrige" tests="1" failures="0" timestamp="13 Apr 2017 11:37:52 GMT" time="41.217" errors="0">
  <testcase name="purchase" time="41.217" classname="filpkart_project.PurchaseFrige"/>
</testsuite> <!-- filpkart_project.PurchaseFrige -->
