<?xml version="1.0" encoding="UTF-8"?>
<!-- Generated by org.testng.reporters.JUnitReportReporter -->
<testsuite skipped="0" hostname="SRSTD32" name="filpkart_project.PurchaseFrige" tests="1" failures="0" timestamp="13 Apr 2017 09:46:16 GMT" time="24.612" errors="0">
  <testcase name="purchase" time="24.612" classname="filpkart_project.PurchaseFrige"/>
</testsuite> <!-- filpkart_project.PurchaseFrige -->
