<?xml version="1.0" encoding="UTF-8"?>
<!-- Generated by org.testng.reporters.JUnitReportReporter -->
<testsuite skipped="0" hostname="SRSTD32" name="testmy.Test1" tests="1" failures="0" timestamp="13 Apr 2017 09:29:46 GMT" time="2.249" errors="0">
  <testcase name="testA" time="2.249" classname="testmy.Test1"/>
</testsuite> <!-- testmy.Test1 -->
