<?xml version="1.0" encoding="UTF-8"?>
<!-- Generated by org.testng.reporters.JUnitReportReporter -->
<testsuite skipped="0" hostname="SRSTD32" name="filpkart_project.PurchaseFrige" tests="1" failures="0" timestamp="17 Apr 2017 08:47:23 GMT" time="45.098" errors="0">
  <testcase name="purchase" time="45.098" classname="filpkart_project.PurchaseFrige"/>
</testsuite> <!-- filpkart_project.PurchaseFrige -->
