<?xml version="1.0" encoding="UTF-8"?>
<!-- Generated by org.testng.reporters.JUnitReportReporter -->
<testsuite hostname="SRSTD32" name="filpkart_project.PurchaseFrige" tests="1" failures="0" timestamp="13 Apr 2017 09:53:47 GMT" time="30.090" errors="0">
  <testcase name="purchase" time="30.090" classname="filpkart_project.PurchaseFrige"/>
</testsuite> <!-- filpkart_project.PurchaseFrige -->
